TN:
SF:/home/karekcaleb/Documents/projects/andela/sendit/spec/server/cancelParcel.spec.js
FN:12,(anonymous_0)
FN:13,(anonymous_1)
FN:14,(anonymous_2)
FN:20,(anonymous_3)
FN:23,(anonymous_4)
FN:24,(anonymous_5)
FNF:6
FNH:6
FNDA:1,(anonymous_0)
FNDA:1,(anonymous_1)
FNDA:1,(anonymous_2)
FNDA:1,(anonymous_3)
FNDA:1,(anonymous_4)
FNDA:1,(anonymous_5)
DA:12,1
DA:13,1
DA:14,1
DA:15,1
DA:16,1
DA:20,1
DA:21,1
DA:24,1
DA:26,1
DA:27,1
LF:10
LH:10
BRF:0
BRH:0
end_of_record
TN:
SF:/home/karekcaleb/Documents/projects/andela/sendit/spec/server/createParcel.spec.js
FN:11,(anonymous_0)
FN:12,(anonymous_1)
FN:13,(anonymous_2)
FN:18,(anonymous_3)
FN:27,(anonymous_4)
FNF:5
FNH:5
FNDA:1,(anonymous_0)
FNDA:1,(anonymous_1)
FNDA:1,(anonymous_2)
FNDA:1,(anonymous_3)
FNDA:1,(anonymous_4)
DA:11,1
DA:12,1
DA:13,1
DA:14,1
DA:15,1
DA:18,1
DA:19,1
DA:28,1
DA:34,1
LF:9
LH:9
BRDA:29,0,0,1
BRDA:29,0,1,1
BRDA:29,0,2,1
BRF:3
BRH:3
end_of_record
TN:
SF:/home/karekcaleb/Documents/projects/andela/sendit/spec/server/getAllParcels.spec.js
FN:11,(anonymous_0)
FN:12,(anonymous_1)
FN:13,(anonymous_2)
FN:19,(anonymous_3)
FN:20,(anonymous_4)
FN:25,(anonymous_5)
FN:26,(anonymous_6)
FN:27,(anonymous_7)
FNF:8
FNH:8
FNDA:1,(anonymous_0)
FNDA:1,(anonymous_1)
FNDA:1,(anonymous_2)
FNDA:1,(anonymous_3)
FNDA:1,(anonymous_4)
FNDA:1,(anonymous_5)
FNDA:1,(anonymous_6)
FNDA:1,(anonymous_7)
DA:11,1
DA:12,1
DA:13,1
DA:14,1
DA:15,1
DA:19,1
DA:20,1
DA:21,1
DA:22,1
DA:25,1
DA:26,1
DA:27,1
DA:28,1
DA:30,1
LF:14
LH:14
BRF:0
BRH:0
end_of_record
TN:
SF:/home/karekcaleb/Documents/projects/andela/sendit/spec/server/getParcelsByUserId.spec.js
FN:12,(anonymous_0)
FN:13,(anonymous_1)
FN:15,(anonymous_2)
FN:19,(anonymous_3)
FN:25,(anonymous_4)
FN:26,(anonymous_5)
FNF:6
FNH:4
FNDA:1,(anonymous_0)
FNDA:1,(anonymous_1)
FNDA:0,(anonymous_2)
FNDA:0,(anonymous_3)
FNDA:1,(anonymous_4)
FNDA:1,(anonymous_5)
DA:12,1
DA:13,1
DA:14,1
DA:16,0
DA:18,1
DA:20,0
DA:22,1
DA:25,1
DA:26,1
DA:27,1
DA:28,0
LF:11
LH:8
BRF:0
BRH:0
end_of_record
TN:
SF:/home/karekcaleb/Documents/projects/andela/sendit/spec/server/getSinglePacel.spec.js
FN:12,(anonymous_0)
FN:13,(anonymous_1)
FN:14,(anonymous_2)
FN:19,(anonymous_3)
FN:23,(anonymous_4)
FN:27,(anonymous_5)
FN:28,(anonymous_6)
FNF:7
FNH:1
FNDA:1,(anonymous_0)
FNDA:0,(anonymous_1)
FNDA:0,(anonymous_2)
FNDA:0,(anonymous_3)
FNDA:0,(anonymous_4)
FNDA:0,(anonymous_5)
FNDA:0,(anonymous_6)
DA:12,1
DA:13,1
DA:14,0
DA:15,0
DA:16,0
DA:19,1
DA:20,0
DA:24,0
DA:28,0
DA:29,0
DA:30,0
LF:11
LH:3
BRF:0
BRH:0
end_of_record
TN:
SF:/home/karekcaleb/Documents/projects/andela/sendit/spec/server/testUtils.js
FNF:0
FNH:0
DA:1,1
DA:39,1
DA:40,1
LF:3
LH:3
BRF:0
BRH:0
end_of_record
TN:
SF:/home/karekcaleb/Documents/projects/andela/sendit/src/app.js
FN:14,(anonymous_0)
FN:49,(anonymous_1)
FN:63,(anonymous_2)
FNF:3
FNH:1
FNDA:0,(anonymous_0)
FNDA:0,(anonymous_1)
FNDA:1,(anonymous_2)
DA:6,1
DA:7,1
DA:10,1
DA:12,1
DA:14,1
DA:15,0
DA:49,1
DA:50,0
DA:51,0
DA:52,0
DA:53,0
DA:55,0
DA:63,1
LF:13
LH:7
BRDA:6,0,0,1
BRDA:6,0,1,1
BRDA:52,1,0,0
BRDA:52,1,1,0
BRF:4
BRH:2
end_of_record
TN:
SF:/home/karekcaleb/Documents/projects/andela/sendit/src/classes/parcelsDataStructure.js
FN:6,(anonymous_0)
FN:41,(anonymous_1)
FN:51,(anonymous_2)
FN:53,(anonymous_3)
FN:62,(anonymous_4)
FNF:5
FNH:2
FNDA:4,(anonymous_0)
FNDA:0,(anonymous_1)
FNDA:0,(anonymous_2)
FNDA:0,(anonymous_3)
FNDA:2,(anonymous_4)
DA:9,4
DA:10,4
DA:11,0
DA:22,0
DA:23,0
DA:25,4
DA:26,4
DA:37,4
DA:38,4
DA:43,0
DA:44,0
DA:45,0
DA:48,0
DA:52,0
DA:53,0
DA:54,0
DA:55,0
DA:58,0
DA:59,0
DA:63,2
DA:64,2
DA:66,2
DA:67,2
DA:68,1
DA:69,1
DA:71,1
DA:73,2
DA:74,1
DA:75,1
DA:77,1
LF:30
LH:17
BRDA:10,0,0,0
BRDA:10,0,1,4
BRDA:44,1,0,0
BRDA:44,1,1,0
BRDA:54,2,0,0
BRDA:54,2,1,0
BRDA:58,3,0,0
BRDA:58,3,1,0
BRDA:67,4,0,1
BRDA:67,4,1,1
BRDA:73,5,0,1
BRDA:73,5,1,1
BRF:12
BRH:5
end_of_record
TN:
SF:/home/karekcaleb/Documents/projects/andela/sendit/src/routes/parcelsRoutesV1.js
FN:7,(anonymous_0)
FN:11,(anonymous_1)
FN:36,(anonymous_2)
FN:46,(anonymous_3)
FNF:4
FNH:3
FNDA:3,(anonymous_0)
FNDA:5,(anonymous_1)
FNDA:0,(anonymous_2)
FNDA:2,(anonymous_3)
DA:5,1
DA:7,1
DA:8,3
DA:11,1
DA:12,5
DA:13,5
DA:14,5
DA:21,1
DA:24,4
DA:32,4
DA:36,1
DA:37,0
DA:38,0
DA:39,0
DA:40,0
DA:42,0
DA:46,1
DA:47,2
DA:48,2
DA:49,2
DA:50,1
DA:52,1
LF:22
LH:17
BRDA:12,0,0,5
BRDA:12,0,1,0
BRDA:14,1,0,1
BRDA:14,1,1,4
BRDA:15,2,0,5
BRDA:15,2,1,4
BRDA:15,2,2,4
BRDA:15,2,3,4
BRDA:15,2,4,4
BRDA:39,3,0,0
BRDA:39,3,1,0
BRDA:49,4,0,1
BRDA:49,4,1,1
BRF:13
BRH:10
end_of_record
